<?xml version="1.0" encoding="UTF-8"?>
<!-- Generated by org.testng.reporters.JUnitReportReporter -->
<testsuite skipped="0" hostname="spicity412" name="test.xmlTest" tests="1" failures="0" timestamp="11 Oct 2019 08:47:08 GMT" time="8.011" errors="0">
  <testcase name="test" time="8.011" classname="test.xmlTest"/>
</testsuite> <!-- test.xmlTest -->
